2016-08-16 09:50:25,776 [Worker-2] INFO  o.e.m.c.i.p.ProjectConfigurationManager - Collecting project info '/pom.xml' /home/jonny/university/conferences_workshops/iwbda/bdathlon/solutions/Q2_sbol_biopax/paxtools/workspace/converter/pom.xml
2016-08-16 09:50:26,422 [Worker-2] INFO  o.e.m.c.i.l.LifecycleMappingFactory - Using org.eclipse.m2e.jdt.JarLifecycleMapping lifecycle mapping for MavenProject: SBOLtoBioPAX:converter:0.0.1-SNAPSHOT @ /home/jonny/university/conferences_workshops/iwbda/bdathlon/solutions/Q2_sbol_biopax/paxtools/workspace/converter/pom.xml.
2016-08-16 09:50:27,053 [Worker-2] INFO  o.e.m.j.i.AbstractJavaProjectConfigurator - Adding source folder /converter/src/main/java
2016-08-16 09:50:27,054 [Worker-2] INFO  o.e.m.j.i.AbstractJavaProjectConfigurator - Adding source folder /converter/src/test/java
2016-08-16 09:50:27,415 [Worker-2] INFO  o.e.m.c.i.p.ProjectConfigurationManager - Project import completed 1 sec
2016-08-16 09:50:28,334 [Worker-4] INFO  o.e.m.c.i.l.LifecycleMappingFactory - Using org.eclipse.m2e.jdt.JarLifecycleMapping lifecycle mapping for MavenProject: SBOLtoBioPAX:converter:0.0.1-SNAPSHOT @ /home/jonny/university/conferences_workshops/iwbda/bdathlon/solutions/Q2_sbol_biopax/paxtools/workspace/converter/pom.xml.
2016-08-16 09:50:28,436 [Worker-4] INFO  o.e.m.c.i.embedder.EclipseLogger - Using 'UTF-8' encoding to copy filtered resources.
2016-08-16 09:50:28,437 [Worker-4] INFO  o.e.m.c.i.embedder.EclipseLogger - skip non existing resourceDirectory /home/jonny/university/conferences_workshops/iwbda/bdathlon/solutions/Q2_sbol_biopax/paxtools/workspace/converter/src/main/resources
2016-08-16 09:50:28,446 [Worker-4] INFO  o.e.m.c.i.embedder.EclipseLogger - Using 'UTF-8' encoding to copy filtered resources.
2016-08-16 09:50:28,447 [Worker-4] INFO  o.e.m.c.i.embedder.EclipseLogger - skip non existing resourceDirectory /home/jonny/university/conferences_workshops/iwbda/bdathlon/solutions/Q2_sbol_biopax/paxtools/workspace/converter/src/test/resources
2016-08-16 09:50:29,473 [Worker-4] INFO  o.e.m.c.i.l.LifecycleMappingFactory - Using org.eclipse.m2e.jdt.JarLifecycleMapping lifecycle mapping for MavenProject: SBOLtoBioPAX:converter:0.0.1-SNAPSHOT @ /home/jonny/university/conferences_workshops/iwbda/bdathlon/solutions/Q2_sbol_biopax/paxtools/workspace/converter/pom.xml.
2016-08-16 09:50:29,657 [Worker-4] INFO  o.e.m.c.i.embedder.EclipseLogger - Using 'UTF-8' encoding to copy filtered resources.
2016-08-16 09:50:29,658 [Worker-4] INFO  o.e.m.c.i.embedder.EclipseLogger - skip non existing resourceDirectory /home/jonny/university/conferences_workshops/iwbda/bdathlon/solutions/Q2_sbol_biopax/paxtools/workspace/converter/src/main/resources
2016-08-16 09:50:29,659 [Worker-4] INFO  o.e.m.c.i.embedder.EclipseLogger - Using 'UTF-8' encoding to copy filtered resources.
2016-08-16 09:50:29,659 [Worker-4] INFO  o.e.m.c.i.embedder.EclipseLogger - skip non existing resourceDirectory /home/jonny/university/conferences_workshops/iwbda/bdathlon/solutions/Q2_sbol_biopax/paxtools/workspace/converter/src/test/resources
2016-08-16 09:50:50,312 [Worker-3] INFO  o.e.m.c.i.l.LifecycleMappingFactory - Using org.eclipse.m2e.jdt.JarLifecycleMapping lifecycle mapping for MavenProject: SBOLtoBioPAX:converter:0.0.1-SNAPSHOT @ /home/jonny/university/conferences_workshops/iwbda/bdathlon/solutions/Q2_sbol_biopax/paxtools/workspace/converter/pom.xml.
2016-08-16 09:50:50,343 [Worker-3] INFO  o.e.m.c.i.embedder.EclipseLogger - Using 'UTF-8' encoding to copy filtered resources.
2016-08-16 09:50:50,343 [Worker-3] INFO  o.e.m.c.i.embedder.EclipseLogger - skip non existing resourceDirectory /home/jonny/university/conferences_workshops/iwbda/bdathlon/solutions/Q2_sbol_biopax/paxtools/workspace/converter/src/main/resources
2016-08-16 09:50:50,344 [Worker-3] INFO  o.e.m.c.i.embedder.EclipseLogger - Using 'UTF-8' encoding to copy filtered resources.
2016-08-16 09:50:50,345 [Worker-3] INFO  o.e.m.c.i.embedder.EclipseLogger - skip non existing resourceDirectory /home/jonny/university/conferences_workshops/iwbda/bdathlon/solutions/Q2_sbol_biopax/paxtools/workspace/converter/src/test/resources
2016-08-16 09:51:07,412 [Worker-5] INFO  o.e.m.c.i.l.LifecycleMappingFactory - Using org.eclipse.m2e.jdt.JarLifecycleMapping lifecycle mapping for MavenProject: SBOLtoBioPAX:converter:0.0.1-SNAPSHOT @ /home/jonny/university/conferences_workshops/iwbda/bdathlon/solutions/Q2_sbol_biopax/paxtools/workspace/converter/pom.xml.
2016-08-16 09:51:07,459 [Worker-5] INFO  c.n.h.c.p.n.NettyAsyncHttpProvider - Number of application's worked threads is 16
2016-08-16 09:51:07,900 [New I/O client worker #1-1] INFO  o.e.m.c.i.e.AbstractTransferListenerAdapter - Downloaded http://repo.maven.apache.org/maven2/org/sbolstandard/libSBMLj/2.1.0/libSBMLj-2.1.0.pom
2016-08-16 09:51:07,904 [Worker-5] WARN  o.e.m.c.i.embedder.EclipseLogger - The POM for org.sbolstandard:libSBMLj:jar:2.1.0 is missing, no dependency information available
2016-08-16 09:51:07,908 [Worker-5] INFO  c.n.h.c.p.n.NettyAsyncHttpProvider - Number of application's worked threads is 16
2016-08-16 09:51:08,024 [New I/O client worker #2-1] INFO  o.e.m.c.i.e.AbstractTransferListenerAdapter - Downloaded http://repo.maven.apache.org/maven2/org/sbolstandard/libSBMLj/2.1.0/libSBMLj-2.1.0.jar
2016-08-16 09:51:08,057 [Worker-5] INFO  o.e.m.c.i.embedder.EclipseLogger - Using 'UTF-8' encoding to copy filtered resources.
2016-08-16 09:51:08,057 [Worker-5] INFO  o.e.m.c.i.embedder.EclipseLogger - skip non existing resourceDirectory /home/jonny/university/conferences_workshops/iwbda/bdathlon/solutions/Q2_sbol_biopax/paxtools/workspace/converter/src/main/resources
2016-08-16 09:51:08,058 [Worker-5] INFO  o.e.m.c.i.embedder.EclipseLogger - Using 'UTF-8' encoding to copy filtered resources.
2016-08-16 09:51:08,058 [Worker-5] INFO  o.e.m.c.i.embedder.EclipseLogger - skip non existing resourceDirectory /home/jonny/university/conferences_workshops/iwbda/bdathlon/solutions/Q2_sbol_biopax/paxtools/workspace/converter/src/test/resources
2016-08-16 09:51:57,654 [Worker-4] INFO  o.e.m.c.i.embedder.EclipseLogger - Using 'UTF-8' encoding to copy filtered resources.
2016-08-16 09:51:57,655 [Worker-4] INFO  o.e.m.c.i.embedder.EclipseLogger - skip non existing resourceDirectory /home/jonny/university/conferences_workshops/iwbda/bdathlon/solutions/Q2_sbol_biopax/paxtools/workspace/converter/src/main/resources
2016-08-16 09:51:57,656 [Worker-4] INFO  o.e.m.c.i.embedder.EclipseLogger - Using 'UTF-8' encoding to copy filtered resources.
2016-08-16 09:51:57,656 [Worker-4] INFO  o.e.m.c.i.embedder.EclipseLogger - skip non existing resourceDirectory /home/jonny/university/conferences_workshops/iwbda/bdathlon/solutions/Q2_sbol_biopax/paxtools/workspace/converter/src/test/resources
2016-08-16 09:52:12,409 [Worker-2] INFO  o.e.m.c.i.embedder.EclipseLogger - Using 'UTF-8' encoding to copy filtered resources.
2016-08-16 09:52:12,409 [Worker-2] INFO  o.e.m.c.i.embedder.EclipseLogger - skip non existing resourceDirectory /home/jonny/university/conferences_workshops/iwbda/bdathlon/solutions/Q2_sbol_biopax/paxtools/workspace/converter/src/main/resources
2016-08-16 09:52:12,410 [Worker-2] INFO  o.e.m.c.i.embedder.EclipseLogger - Using 'UTF-8' encoding to copy filtered resources.
2016-08-16 09:52:12,410 [Worker-2] INFO  o.e.m.c.i.embedder.EclipseLogger - skip non existing resourceDirectory /home/jonny/university/conferences_workshops/iwbda/bdathlon/solutions/Q2_sbol_biopax/paxtools/workspace/converter/src/test/resources
2016-08-16 09:52:24,047 [Worker-5] INFO  o.e.m.c.i.embedder.EclipseLogger - Using 'UTF-8' encoding to copy filtered resources.
2016-08-16 09:52:24,048 [Worker-5] INFO  o.e.m.c.i.embedder.EclipseLogger - skip non existing resourceDirectory /home/jonny/university/conferences_workshops/iwbda/bdathlon/solutions/Q2_sbol_biopax/paxtools/workspace/converter/src/main/resources
2016-08-16 09:52:24,048 [Worker-5] INFO  o.e.m.c.i.embedder.EclipseLogger - Using 'UTF-8' encoding to copy filtered resources.
2016-08-16 09:52:24,048 [Worker-5] INFO  o.e.m.c.i.embedder.EclipseLogger - skip non existing resourceDirectory /home/jonny/university/conferences_workshops/iwbda/bdathlon/solutions/Q2_sbol_biopax/paxtools/workspace/converter/src/test/resources
2016-08-16 09:52:31,075 [Worker-5] INFO  o.e.m.c.i.embedder.EclipseLogger - Using 'UTF-8' encoding to copy filtered resources.
2016-08-16 09:52:31,075 [Worker-5] INFO  o.e.m.c.i.embedder.EclipseLogger - skip non existing resourceDirectory /home/jonny/university/conferences_workshops/iwbda/bdathlon/solutions/Q2_sbol_biopax/paxtools/workspace/converter/src/main/resources
2016-08-16 09:52:31,077 [Worker-5] INFO  o.e.m.c.i.embedder.EclipseLogger - Using 'UTF-8' encoding to copy filtered resources.
2016-08-16 09:52:31,077 [Worker-5] INFO  o.e.m.c.i.embedder.EclipseLogger - skip non existing resourceDirectory /home/jonny/university/conferences_workshops/iwbda/bdathlon/solutions/Q2_sbol_biopax/paxtools/workspace/converter/src/test/resources
2016-08-16 09:52:41,460 [Worker-1] INFO  o.e.m.c.i.embedder.EclipseLogger - Using 'UTF-8' encoding to copy filtered resources.
2016-08-16 09:52:41,460 [Worker-1] INFO  o.e.m.c.i.embedder.EclipseLogger - skip non existing resourceDirectory /home/jonny/university/conferences_workshops/iwbda/bdathlon/solutions/Q2_sbol_biopax/paxtools/workspace/converter/src/main/resources
2016-08-16 09:52:41,461 [Worker-1] INFO  o.e.m.c.i.embedder.EclipseLogger - Using 'UTF-8' encoding to copy filtered resources.
2016-08-16 09:52:41,461 [Worker-1] INFO  o.e.m.c.i.embedder.EclipseLogger - skip non existing resourceDirectory /home/jonny/university/conferences_workshops/iwbda/bdathlon/solutions/Q2_sbol_biopax/paxtools/workspace/converter/src/test/resources
2016-08-16 09:52:57,395 [Worker-0] INFO  o.e.m.c.i.embedder.EclipseLogger - Using 'UTF-8' encoding to copy filtered resources.
2016-08-16 09:52:57,395 [Worker-0] INFO  o.e.m.c.i.embedder.EclipseLogger - skip non existing resourceDirectory /home/jonny/university/conferences_workshops/iwbda/bdathlon/solutions/Q2_sbol_biopax/paxtools/workspace/converter/src/main/resources
2016-08-16 09:52:57,396 [Worker-0] INFO  o.e.m.c.i.embedder.EclipseLogger - Using 'UTF-8' encoding to copy filtered resources.
2016-08-16 09:52:57,396 [Worker-0] INFO  o.e.m.c.i.embedder.EclipseLogger - skip non existing resourceDirectory /home/jonny/university/conferences_workshops/iwbda/bdathlon/solutions/Q2_sbol_biopax/paxtools/workspace/converter/src/test/resources
2016-08-16 09:53:52,988 [Worker-4] INFO  o.e.m.c.i.embedder.EclipseLogger - Using 'UTF-8' encoding to copy filtered resources.
2016-08-16 09:53:52,988 [Worker-4] INFO  o.e.m.c.i.embedder.EclipseLogger - skip non existing resourceDirectory /home/jonny/university/conferences_workshops/iwbda/bdathlon/solutions/Q2_sbol_biopax/paxtools/workspace/converter/src/main/resources
2016-08-16 09:53:52,989 [Worker-4] INFO  o.e.m.c.i.embedder.EclipseLogger - Using 'UTF-8' encoding to copy filtered resources.
2016-08-16 09:53:52,989 [Worker-4] INFO  o.e.m.c.i.embedder.EclipseLogger - skip non existing resourceDirectory /home/jonny/university/conferences_workshops/iwbda/bdathlon/solutions/Q2_sbol_biopax/paxtools/workspace/converter/src/test/resources
2016-08-16 09:53:54,594 [Worker-0] INFO  o.e.m.c.i.embedder.EclipseLogger - Using 'UTF-8' encoding to copy filtered resources.
2016-08-16 09:53:54,595 [Worker-0] INFO  o.e.m.c.i.embedder.EclipseLogger - skip non existing resourceDirectory /home/jonny/university/conferences_workshops/iwbda/bdathlon/solutions/Q2_sbol_biopax/paxtools/workspace/converter/src/main/resources
2016-08-16 09:53:54,599 [Worker-0] INFO  o.e.m.c.i.embedder.EclipseLogger - Using 'UTF-8' encoding to copy filtered resources.
2016-08-16 09:53:54,599 [Worker-0] INFO  o.e.m.c.i.embedder.EclipseLogger - skip non existing resourceDirectory /home/jonny/university/conferences_workshops/iwbda/bdathlon/solutions/Q2_sbol_biopax/paxtools/workspace/converter/src/test/resources
2016-08-16 09:53:58,504 [Worker-5] INFO  o.e.m.c.i.embedder.EclipseLogger - Using 'UTF-8' encoding to copy filtered resources.
2016-08-16 09:53:58,504 [Worker-5] INFO  o.e.m.c.i.embedder.EclipseLogger - skip non existing resourceDirectory /home/jonny/university/conferences_workshops/iwbda/bdathlon/solutions/Q2_sbol_biopax/paxtools/workspace/converter/src/main/resources
2016-08-16 09:53:58,505 [Worker-5] INFO  o.e.m.c.i.embedder.EclipseLogger - Using 'UTF-8' encoding to copy filtered resources.
2016-08-16 09:53:58,505 [Worker-5] INFO  o.e.m.c.i.embedder.EclipseLogger - skip non existing resourceDirectory /home/jonny/university/conferences_workshops/iwbda/bdathlon/solutions/Q2_sbol_biopax/paxtools/workspace/converter/src/test/resources
2016-08-16 09:53:59,613 [Worker-5] INFO  o.e.m.c.i.embedder.EclipseLogger - Using 'UTF-8' encoding to copy filtered resources.
2016-08-16 09:53:59,614 [Worker-5] INFO  o.e.m.c.i.embedder.EclipseLogger - skip non existing resourceDirectory /home/jonny/university/conferences_workshops/iwbda/bdathlon/solutions/Q2_sbol_biopax/paxtools/workspace/converter/src/main/resources
2016-08-16 09:53:59,617 [Worker-5] INFO  o.e.m.c.i.embedder.EclipseLogger - Using 'UTF-8' encoding to copy filtered resources.
2016-08-16 09:53:59,617 [Worker-5] INFO  o.e.m.c.i.embedder.EclipseLogger - skip non existing resourceDirectory /home/jonny/university/conferences_workshops/iwbda/bdathlon/solutions/Q2_sbol_biopax/paxtools/workspace/converter/src/test/resources
2016-08-16 09:54:16,271 [Worker-0] INFO  o.e.m.c.i.embedder.EclipseLogger - Using 'UTF-8' encoding to copy filtered resources.
2016-08-16 09:54:16,271 [Worker-0] INFO  o.e.m.c.i.embedder.EclipseLogger - skip non existing resourceDirectory /home/jonny/university/conferences_workshops/iwbda/bdathlon/solutions/Q2_sbol_biopax/paxtools/workspace/converter/src/main/resources
2016-08-16 09:54:16,273 [Worker-0] INFO  o.e.m.c.i.embedder.EclipseLogger - Using 'UTF-8' encoding to copy filtered resources.
2016-08-16 09:54:16,273 [Worker-0] INFO  o.e.m.c.i.embedder.EclipseLogger - skip non existing resourceDirectory /home/jonny/university/conferences_workshops/iwbda/bdathlon/solutions/Q2_sbol_biopax/paxtools/workspace/converter/src/test/resources
2016-08-16 09:54:22,363 [Worker-0] INFO  o.e.m.c.i.embedder.EclipseLogger - Using 'UTF-8' encoding to copy filtered resources.
2016-08-16 09:54:22,363 [Worker-0] INFO  o.e.m.c.i.embedder.EclipseLogger - skip non existing resourceDirectory /home/jonny/university/conferences_workshops/iwbda/bdathlon/solutions/Q2_sbol_biopax/paxtools/workspace/converter/src/main/resources
2016-08-16 09:54:22,364 [Worker-0] INFO  o.e.m.c.i.embedder.EclipseLogger - Using 'UTF-8' encoding to copy filtered resources.
2016-08-16 09:54:22,364 [Worker-0] INFO  o.e.m.c.i.embedder.EclipseLogger - skip non existing resourceDirectory /home/jonny/university/conferences_workshops/iwbda/bdathlon/solutions/Q2_sbol_biopax/paxtools/workspace/converter/src/test/resources
2016-08-16 09:54:26,733 [Worker-4] INFO  o.e.m.c.i.embedder.EclipseLogger - Using 'UTF-8' encoding to copy filtered resources.
2016-08-16 09:54:26,734 [Worker-4] INFO  o.e.m.c.i.embedder.EclipseLogger - skip non existing resourceDirectory /home/jonny/university/conferences_workshops/iwbda/bdathlon/solutions/Q2_sbol_biopax/paxtools/workspace/converter/src/main/resources
2016-08-16 09:54:26,736 [Worker-4] INFO  o.e.m.c.i.embedder.EclipseLogger - Using 'UTF-8' encoding to copy filtered resources.
2016-08-16 09:54:26,737 [Worker-4] INFO  o.e.m.c.i.embedder.EclipseLogger - skip non existing resourceDirectory /home/jonny/university/conferences_workshops/iwbda/bdathlon/solutions/Q2_sbol_biopax/paxtools/workspace/converter/src/test/resources
2016-08-16 09:54:40,968 [Worker-5] INFO  o.e.m.c.i.embedder.EclipseLogger - Using 'UTF-8' encoding to copy filtered resources.
2016-08-16 09:54:40,968 [Worker-5] INFO  o.e.m.c.i.embedder.EclipseLogger - skip non existing resourceDirectory /home/jonny/university/conferences_workshops/iwbda/bdathlon/solutions/Q2_sbol_biopax/paxtools/workspace/converter/src/main/resources
2016-08-16 09:54:40,970 [Worker-5] INFO  o.e.m.c.i.embedder.EclipseLogger - Using 'UTF-8' encoding to copy filtered resources.
2016-08-16 09:54:40,970 [Worker-5] INFO  o.e.m.c.i.embedder.EclipseLogger - skip non existing resourceDirectory /home/jonny/university/conferences_workshops/iwbda/bdathlon/solutions/Q2_sbol_biopax/paxtools/workspace/converter/src/test/resources
2016-08-16 09:54:49,401 [Worker-4] INFO  o.e.m.c.i.embedder.EclipseLogger - Using 'UTF-8' encoding to copy filtered resources.
2016-08-16 09:54:49,401 [Worker-4] INFO  o.e.m.c.i.embedder.EclipseLogger - skip non existing resourceDirectory /home/jonny/university/conferences_workshops/iwbda/bdathlon/solutions/Q2_sbol_biopax/paxtools/workspace/converter/src/main/resources
2016-08-16 09:54:49,402 [Worker-4] INFO  o.e.m.c.i.embedder.EclipseLogger - Using 'UTF-8' encoding to copy filtered resources.
2016-08-16 09:54:49,402 [Worker-4] INFO  o.e.m.c.i.embedder.EclipseLogger - skip non existing resourceDirectory /home/jonny/university/conferences_workshops/iwbda/bdathlon/solutions/Q2_sbol_biopax/paxtools/workspace/converter/src/test/resources
2016-08-16 09:54:56,336 [Worker-2] INFO  o.e.m.c.i.embedder.EclipseLogger - Using 'UTF-8' encoding to copy filtered resources.
2016-08-16 09:54:56,336 [Worker-2] INFO  o.e.m.c.i.embedder.EclipseLogger - skip non existing resourceDirectory /home/jonny/university/conferences_workshops/iwbda/bdathlon/solutions/Q2_sbol_biopax/paxtools/workspace/converter/src/main/resources
2016-08-16 09:54:56,338 [Worker-2] INFO  o.e.m.c.i.embedder.EclipseLogger - Using 'UTF-8' encoding to copy filtered resources.
2016-08-16 09:54:56,338 [Worker-2] INFO  o.e.m.c.i.embedder.EclipseLogger - skip non existing resourceDirectory /home/jonny/university/conferences_workshops/iwbda/bdathlon/solutions/Q2_sbol_biopax/paxtools/workspace/converter/src/test/resources
2016-08-16 09:55:01,318 [Worker-0] INFO  o.e.m.c.i.embedder.EclipseLogger - Using 'UTF-8' encoding to copy filtered resources.
2016-08-16 09:55:01,318 [Worker-0] INFO  o.e.m.c.i.embedder.EclipseLogger - skip non existing resourceDirectory /home/jonny/university/conferences_workshops/iwbda/bdathlon/solutions/Q2_sbol_biopax/paxtools/workspace/converter/src/main/resources
2016-08-16 09:55:01,319 [Worker-0] INFO  o.e.m.c.i.embedder.EclipseLogger - Using 'UTF-8' encoding to copy filtered resources.
2016-08-16 09:55:01,319 [Worker-0] INFO  o.e.m.c.i.embedder.EclipseLogger - skip non existing resourceDirectory /home/jonny/university/conferences_workshops/iwbda/bdathlon/solutions/Q2_sbol_biopax/paxtools/workspace/converter/src/test/resources
2016-08-16 09:55:04,892 [Worker-3] INFO  o.e.m.c.i.embedder.EclipseLogger - Using 'UTF-8' encoding to copy filtered resources.
2016-08-16 09:55:04,892 [Worker-3] INFO  o.e.m.c.i.embedder.EclipseLogger - skip non existing resourceDirectory /home/jonny/university/conferences_workshops/iwbda/bdathlon/solutions/Q2_sbol_biopax/paxtools/workspace/converter/src/main/resources
2016-08-16 09:55:04,895 [Worker-3] INFO  o.e.m.c.i.embedder.EclipseLogger - Using 'UTF-8' encoding to copy filtered resources.
2016-08-16 09:55:04,895 [Worker-3] INFO  o.e.m.c.i.embedder.EclipseLogger - skip non existing resourceDirectory /home/jonny/university/conferences_workshops/iwbda/bdathlon/solutions/Q2_sbol_biopax/paxtools/workspace/converter/src/test/resources
2016-08-16 09:55:08,447 [Worker-4] INFO  o.e.m.c.i.embedder.EclipseLogger - Using 'UTF-8' encoding to copy filtered resources.
2016-08-16 09:55:08,448 [Worker-4] INFO  o.e.m.c.i.embedder.EclipseLogger - skip non existing resourceDirectory /home/jonny/university/conferences_workshops/iwbda/bdathlon/solutions/Q2_sbol_biopax/paxtools/workspace/converter/src/main/resources
2016-08-16 09:55:08,450 [Worker-4] INFO  o.e.m.c.i.embedder.EclipseLogger - Using 'UTF-8' encoding to copy filtered resources.
2016-08-16 09:55:08,451 [Worker-4] INFO  o.e.m.c.i.embedder.EclipseLogger - skip non existing resourceDirectory /home/jonny/university/conferences_workshops/iwbda/bdathlon/solutions/Q2_sbol_biopax/paxtools/workspace/converter/src/test/resources
2016-08-16 09:55:18,314 [Worker-4] INFO  o.e.m.c.i.embedder.EclipseLogger - Using 'UTF-8' encoding to copy filtered resources.
2016-08-16 09:55:18,314 [Worker-4] INFO  o.e.m.c.i.embedder.EclipseLogger - skip non existing resourceDirectory /home/jonny/university/conferences_workshops/iwbda/bdathlon/solutions/Q2_sbol_biopax/paxtools/workspace/converter/src/main/resources
2016-08-16 09:55:18,315 [Worker-4] INFO  o.e.m.c.i.embedder.EclipseLogger - Using 'UTF-8' encoding to copy filtered resources.
2016-08-16 09:55:18,315 [Worker-4] INFO  o.e.m.c.i.embedder.EclipseLogger - skip non existing resourceDirectory /home/jonny/university/conferences_workshops/iwbda/bdathlon/solutions/Q2_sbol_biopax/paxtools/workspace/converter/src/test/resources
2016-08-16 09:55:23,311 [Worker-0] INFO  o.e.m.c.i.embedder.EclipseLogger - Using 'UTF-8' encoding to copy filtered resources.
2016-08-16 09:55:23,311 [Worker-0] INFO  o.e.m.c.i.embedder.EclipseLogger - skip non existing resourceDirectory /home/jonny/university/conferences_workshops/iwbda/bdathlon/solutions/Q2_sbol_biopax/paxtools/workspace/converter/src/main/resources
2016-08-16 09:55:23,312 [Worker-0] INFO  o.e.m.c.i.embedder.EclipseLogger - Using 'UTF-8' encoding to copy filtered resources.
2016-08-16 09:55:23,312 [Worker-0] INFO  o.e.m.c.i.embedder.EclipseLogger - skip non existing resourceDirectory /home/jonny/university/conferences_workshops/iwbda/bdathlon/solutions/Q2_sbol_biopax/paxtools/workspace/converter/src/test/resources
2016-08-16 09:55:26,423 [Worker-3] INFO  o.e.m.c.i.embedder.EclipseLogger - Using 'UTF-8' encoding to copy filtered resources.
2016-08-16 09:55:26,423 [Worker-3] INFO  o.e.m.c.i.embedder.EclipseLogger - skip non existing resourceDirectory /home/jonny/university/conferences_workshops/iwbda/bdathlon/solutions/Q2_sbol_biopax/paxtools/workspace/converter/src/main/resources
2016-08-16 09:55:26,435 [Worker-3] INFO  o.e.m.c.i.embedder.EclipseLogger - Using 'UTF-8' encoding to copy filtered resources.
2016-08-16 09:55:26,435 [Worker-3] INFO  o.e.m.c.i.embedder.EclipseLogger - skip non existing resourceDirectory /home/jonny/university/conferences_workshops/iwbda/bdathlon/solutions/Q2_sbol_biopax/paxtools/workspace/converter/src/test/resources
2016-08-16 09:55:28,700 [Worker-5] INFO  o.e.m.c.i.embedder.EclipseLogger - Using 'UTF-8' encoding to copy filtered resources.
2016-08-16 09:55:28,701 [Worker-5] INFO  o.e.m.c.i.embedder.EclipseLogger - skip non existing resourceDirectory /home/jonny/university/conferences_workshops/iwbda/bdathlon/solutions/Q2_sbol_biopax/paxtools/workspace/converter/src/main/resources
2016-08-16 09:55:28,701 [Worker-5] INFO  o.e.m.c.i.embedder.EclipseLogger - Using 'UTF-8' encoding to copy filtered resources.
2016-08-16 09:55:28,701 [Worker-5] INFO  o.e.m.c.i.embedder.EclipseLogger - skip non existing resourceDirectory /home/jonny/university/conferences_workshops/iwbda/bdathlon/solutions/Q2_sbol_biopax/paxtools/workspace/converter/src/test/resources
2016-08-16 09:56:35,124 [Worker-5] INFO  o.e.m.c.i.l.LifecycleMappingFactory - Using org.eclipse.m2e.jdt.JarLifecycleMapping lifecycle mapping for MavenProject: SBOLtoBioPAX:converter:0.0.1-SNAPSHOT @ /home/jonny/university/conferences_workshops/iwbda/bdathlon/solutions/Q2_sbol_biopax/paxtools/workspace/converter/pom.xml.
2016-08-16 09:56:35,126 [Worker-5] WARN  o.e.m.c.i.embedder.EclipseLogger - The POM for org.sbolstandard:libSBMLj:jar:2.1.0 is missing, no dependency information available
2016-08-16 09:56:35,229 [Worker-5] INFO  o.e.m.c.i.embedder.EclipseLogger - Using 'UTF-8' encoding to copy filtered resources.
2016-08-16 09:56:35,230 [Worker-5] INFO  o.e.m.c.i.embedder.EclipseLogger - skip non existing resourceDirectory /home/jonny/university/conferences_workshops/iwbda/bdathlon/solutions/Q2_sbol_biopax/paxtools/workspace/converter/src/main/resources
2016-08-16 09:56:35,233 [Worker-5] INFO  o.e.m.c.i.embedder.EclipseLogger - Using 'UTF-8' encoding to copy filtered resources.
2016-08-16 09:56:35,233 [Worker-5] INFO  o.e.m.c.i.embedder.EclipseLogger - skip non existing resourceDirectory /home/jonny/university/conferences_workshops/iwbda/bdathlon/solutions/Q2_sbol_biopax/paxtools/workspace/converter/src/test/resources
2016-08-16 09:57:59,261 [Worker-4] INFO  o.e.m.c.i.l.LifecycleMappingFactory - Using org.eclipse.m2e.jdt.JarLifecycleMapping lifecycle mapping for MavenProject: SBOLtoBioPAX:converter:0.0.1-SNAPSHOT @ /home/jonny/university/conferences_workshops/iwbda/bdathlon/solutions/Q2_sbol_biopax/paxtools/workspace/converter/pom.xml.
2016-08-16 09:57:59,267 [Worker-4] WARN  o.e.m.c.i.embedder.EclipseLogger - The POM for org.sbolstandard:libSBMLj:jar:2.1.0 is missing, no dependency information available
2016-08-16 09:57:59,320 [Worker-4] INFO  o.e.m.c.i.embedder.EclipseLogger - Using 'UTF-8' encoding to copy filtered resources.
2016-08-16 09:57:59,320 [Worker-4] INFO  o.e.m.c.i.embedder.EclipseLogger - skip non existing resourceDirectory /home/jonny/university/conferences_workshops/iwbda/bdathlon/solutions/Q2_sbol_biopax/paxtools/workspace/converter/src/main/resources
2016-08-16 09:57:59,321 [Worker-4] INFO  o.e.m.c.i.embedder.EclipseLogger - Using 'UTF-8' encoding to copy filtered resources.
2016-08-16 09:57:59,321 [Worker-4] INFO  o.e.m.c.i.embedder.EclipseLogger - skip non existing resourceDirectory /home/jonny/university/conferences_workshops/iwbda/bdathlon/solutions/Q2_sbol_biopax/paxtools/workspace/converter/src/test/resources
